<?xml version="1.0" encoding="UTF-8"?>
<testng-results ignored="0" total="1" passed="1" failed="0" skipped="0">
  <reporter-output>
    <line>
      <![CDATA[Execution in local system]]>
    </line>
    <line>
      <![CDATA[Browser is: chrome]]>
    </line>
    <line>
      <![CDATA[Msg Popup displayed successfully]]>
    </line>
  </reporter-output>
  <suite started-at="2023-06-28T22:25:58 IST" name="Default suite" finished-at="2023-06-28T22:26:07 IST" duration-ms="9671">
    <groups>
    </groups>
    <test started-at="2023-06-28T22:25:58 IST" name="Default test" finished-at="2023-06-28T22:26:07 IST" duration-ms="9671">
      <class name="script.ValidMsgSend">
        <test-method is-config="true" signature="preCondition(java.lang.String,java.lang.String,java.lang.String)[pri:0, instance:script.ValidMsgSend@55b699ef]" started-at="2023-06-28T22:25:58 IST" name="preCondition" finished-at="2023-06-28T22:26:02 IST" duration-ms="3829" status="PASS">
          <params>
            <param index="0">
              <value>
                <![CDATA[https://student1.aksharatraining.in/pos/public/]]>
              </value>
            </param>
            <param index="1">
              <value>
                <![CDATA[no]]>
              </value>
            </param>
            <param index="2">
              <value>
                <![CDATA[chrome]]>
              </value>
            </param>
          </params>
          <reporter-output>
            <line>
              <![CDATA[Execution in local system]]>
            </line>
            <line>
              <![CDATA[Browser is: chrome]]>
            </line>
          </reporter-output>
        </test-method> <!-- preCondition -->
        <test-method signature="sendMsg()[pri:0, instance:script.ValidMsgSend@55b699ef]" started-at="2023-06-28T22:26:02 IST" name="sendMsg" finished-at="2023-06-28T22:26:07 IST" duration-ms="5526" status="PASS">
          <reporter-output>
            <line>
              <![CDATA[Msg Popup displayed successfully]]>
            </line>
          </reporter-output>
        </test-method> <!-- sendMsg -->
        <test-method is-config="true" signature="postCondition()[pri:0, instance:script.ValidMsgSend@55b699ef]" started-at="2023-06-28T22:26:07 IST" name="postCondition" finished-at="2023-06-28T22:26:07 IST" duration-ms="262" status="PASS">
          <reporter-output>
          </reporter-output>
        </test-method> <!-- postCondition -->
      </class> <!-- script.ValidMsgSend -->
    </test> <!-- Default test -->
  </suite> <!-- Default suite -->
</testng-results>
