<?xml version="1.0" encoding="UTF-8"?>
<!-- Generated by org.testng.reporters.JUnitXMLReporter -->
<testsuite ignored="4" hostname="Kushi" failures="0" tests="5" name="Test" time="35.423" errors="0" timestamp="2023-06-28T22:19:25 IST">
  <testcase classname="script.ValidLogin" name="testValidLogin" time="2.709"/>
  <testcase classname="script.ValidNewSupplierAdd" name="testValidNewSupplierAddition" time="5.733"/>
  <testcase classname="script.ValidUpdateSupplier" name="updateSupplierInfo" time="8.198"/>
  <testcase classname="script.ValidMsgSend" name="sendMsg" time="2.813"/>
  <testcase classname="script.InvalidLogin" name="testInValidLogin" time="1.149"/>
  <testcase classname="generic.BaseTest" name="@AfterTest postCondition" time="0.0">
    <ignored/>
  </testcase> <!-- @AfterTest postCondition -->
  <testcase classname="generic.BaseTest" name="@AfterTest postCondition" time="0.0">
    <ignored/>
  </testcase> <!-- @AfterTest postCondition -->
  <testcase classname="generic.BaseTest" name="@AfterTest postCondition" time="0.0">
    <ignored/>
  </testcase> <!-- @AfterTest postCondition -->
  <testcase classname="generic.BaseTest" name="@AfterTest postCondition" time="0.0">
    <ignored/>
  </testcase> <!-- @AfterTest postCondition -->
</testsuite> <!-- Test -->
